<?xml version="1.0" encoding="UTF-8"?>
<!-- Generated by org.testng.reporters.JUnitXMLReporter -->
<testsuite hostname="Dell-PC" failures="2" tests="2" name="chromeTest" time="0.173" errors="0" timestamp="25 Jun 2018 13:35:23 GMT">
  <testcase classname="com.jbk.test.JbkSiteLinkVerify" name="verifyJBKSite" time="0.011">
    <failure type="java.lang.NullPointerException">
      <![CDATA[java.lang.NullPointerException
	at com.jbk.test.JbkSiteLinkVerify.verifyJBKSite(JbkSiteLinkVerify.java:109)
	at java.base/java.util.concurrent.ThreadPoolExecutor.runWorker(Unknown Source)
	at java.base/java.util.concurrent.ThreadPoolExecutor$Worker.run(Unknown Source)
	at java.base/java.lang.Thread.run(Unknown Source)
... Removed 10 stack frames]]>
    </failure>
  </testcase> <!-- verifyJBKSite -->
  <testcase classname="com.jbk.test.JbkSiteLinkVerify" name="verifyJBKSite" time="0.109">
    <failure type="java.lang.NullPointerException">
      <![CDATA[java.lang.NullPointerException
	at com.jbk.test.TakeScreenShot.captureScreenshot(TakeScreenShot.java:14)
	at com.jbk.test.TrackTestExecution.onTestFailure(TrackTestExecution.java:32)
	at java.base/java.util.concurrent.ThreadPoolExecutor.runWorker(Unknown Source)
	at java.base/java.util.concurrent.ThreadPoolExecutor$Worker.run(Unknown Source)
	at java.base/java.lang.Thread.run(Unknown Source)
... Removed 7 stack frames]]>
    </failure>
  </testcase> <!-- verifyJBKSite -->
</testsuite> <!-- chromeTest -->
