<?xml version="1.0" encoding="UTF-8"?>
<!-- Generated by org.testng.reporters.JUnitXMLReporter -->
<testsuite hostname="Dell-PC" failures="0" tests="17" name="firefoxTest" time="0.417" errors="0" timestamp="25 Jun 2018 13:35:23 GMT">
  <testcase classname="com.jbk.test.JbkSiteLinkVerify" name="@BeforeMethod openBrowsers" time="0.0">
    <failure type="java.lang.IllegalStateException" message="The path to the driver executable must be set by the webdriver.gecko.driver system property; for more information, see https://github.com/mozilla/geckodriver. The latest version can be downloaded from https://github.com/mozilla/geckodriver/releases">
      <![CDATA[java.lang.IllegalStateException: The path to the driver executable must be set by the webdriver.gecko.driver system property; for more information, see https://github.com/mozilla/geckodriver. The latest version can be downloaded from https://github.com/mozilla/geckodriver/releases
	at com.google.common.base.Preconditions.checkState(Preconditions.java:847)
	at org.openqa.selenium.remote.service.DriverService.findExecutable(DriverService.java:124)
	at org.openqa.selenium.firefox.GeckoDriverService.access$100(GeckoDriverService.java:42)
	at org.openqa.selenium.firefox.GeckoDriverService$Builder.findDefaultExecutable(GeckoDriverService.java:143)
	at org.openqa.selenium.remote.service.DriverService$Builder.build(DriverService.java:335)
	at org.openqa.selenium.firefox.FirefoxDriver.toExecutor(FirefoxDriver.java:168)
	at org.openqa.selenium.firefox.FirefoxDriver.<init>(FirefoxDriver.java:125)
	at org.openqa.selenium.firefox.FirefoxDriver.<init>(FirefoxDriver.java:103)
	at com.jbk.test.JbkSiteLinkVerify.openBrowsers(JbkSiteLinkVerify.java:88)
	at java.base/java.util.concurrent.ThreadPoolExecutor.runWorker(Unknown Source)
	at java.base/java.util.concurrent.ThreadPoolExecutor$Worker.run(Unknown Source)
	at java.base/java.lang.Thread.run(Unknown Source)
... Removed 12 stack frames]]>
    </failure>
  </testcase> <!-- @BeforeMethod openBrowsers -->
  <testcase classname="com.jbk.test.JbkSiteLinkVerify" name="@BeforeMethod openBrowsers" time="0.0">
    <skipped/>
  </testcase> <!-- @BeforeMethod openBrowsers -->
  <testcase classname="com.jbk.test.JbkSiteLinkVerify" name="@BeforeMethod openBrowsers" time="0.0">
    <skipped/>
  </testcase> <!-- @BeforeMethod openBrowsers -->
  <testcase classname="com.jbk.test.JbkSiteLinkVerify" name="@BeforeMethod openBrowsers" time="0.0">
    <skipped/>
  </testcase> <!-- @BeforeMethod openBrowsers -->
  <testcase classname="com.jbk.test.JbkSiteLinkVerify" name="@BeforeMethod openBrowsers" time="0.0">
    <skipped/>
  </testcase> <!-- @BeforeMethod openBrowsers -->
  <testcase classname="com.jbk.test.JbkSiteLinkVerify" name="@BeforeMethod openBrowsers" time="0.0">
    <skipped/>
  </testcase> <!-- @BeforeMethod openBrowsers -->
  <testcase classname="com.jbk.test.JbkSiteLinkVerify" name="@BeforeMethod openBrowsers" time="0.0">
    <skipped/>
  </testcase> <!-- @BeforeMethod openBrowsers -->
  <testcase classname="com.jbk.test.JbkSiteLinkVerify" name="@BeforeMethod openBrowsers" time="0.0">
    <skipped/>
  </testcase> <!-- @BeforeMethod openBrowsers -->
  <testcase classname="com.jbk.test.JbkSiteLinkVerify" name="@BeforeMethod openBrowsers" time="0.0">
    <skipped/>
  </testcase> <!-- @BeforeMethod openBrowsers -->
  <testcase classname="com.jbk.test.JbkSiteLinkVerify" name="@BeforeMethod openBrowsers" time="0.0">
    <skipped/>
  </testcase> <!-- @BeforeMethod openBrowsers -->
  <testcase classname="com.jbk.test.JbkSiteLinkVerify" name="@BeforeMethod openBrowsers" time="0.0">
    <skipped/>
  </testcase> <!-- @BeforeMethod openBrowsers -->
  <testcase classname="com.jbk.test.JbkSiteLinkVerify" name="@BeforeMethod openBrowsers" time="0.0">
    <skipped/>
  </testcase> <!-- @BeforeMethod openBrowsers -->
  <testcase classname="com.jbk.test.JbkSiteLinkVerify" name="@BeforeMethod openBrowsers" time="0.0">
    <skipped/>
  </testcase> <!-- @BeforeMethod openBrowsers -->
  <testcase classname="com.jbk.test.JbkSiteLinkVerify" name="@BeforeMethod openBrowsers" time="0.0">
    <skipped/>
  </testcase> <!-- @BeforeMethod openBrowsers -->
  <testcase classname="com.jbk.test.JbkSiteLinkVerify" name="@BeforeMethod openBrowsers" time="0.0">
    <skipped/>
  </testcase> <!-- @BeforeMethod openBrowsers -->
  <testcase classname="com.jbk.test.JbkSiteLinkVerify" name="@BeforeMethod openBrowsers" time="0.0">
    <skipped/>
  </testcase> <!-- @BeforeMethod openBrowsers -->
  <testcase classname="com.jbk.test.JbkSiteLinkVerify" name="@BeforeMethod openBrowsers" time="0.0">
    <skipped/>
  </testcase> <!-- @BeforeMethod openBrowsers -->
  <testcase classname="com.jbk.test.JbkSiteLinkVerify" name="verifyJBKSite" time="0.002">
    <skipped/>
  </testcase> <!-- verifyJBKSite -->
  <testcase classname="com.jbk.test.JbkSiteLinkVerify" name="verifyJBKSite" time="0.011">
    <skipped/>
  </testcase> <!-- verifyJBKSite -->
  <testcase classname="com.jbk.test.JbkSiteLinkVerify" name="verifyJBKSite" time="0.003">
    <skipped/>
  </testcase> <!-- verifyJBKSite -->
  <testcase classname="com.jbk.test.JbkSiteLinkVerify" name="verifyJBKSite" time="0.002">
    <skipped/>
  </testcase> <!-- verifyJBKSite -->
  <testcase classname="com.jbk.test.JbkSiteLinkVerify" name="verifyJBKSite" time="0.002">
    <skipped/>
  </testcase> <!-- verifyJBKSite -->
  <testcase classname="com.jbk.test.JbkSiteLinkVerify" name="verifyJBKSite" time="0.002">
    <skipped/>
  </testcase> <!-- verifyJBKSite -->
  <testcase classname="com.jbk.test.JbkSiteLinkVerify" name="verifyJBKSite" time="0.002">
    <skipped/>
  </testcase> <!-- verifyJBKSite -->
  <testcase classname="com.jbk.test.JbkSiteLinkVerify" name="verifyJBKSite" time="0.003">
    <skipped/>
  </testcase> <!-- verifyJBKSite -->
  <testcase classname="com.jbk.test.JbkSiteLinkVerify" name="verifyJBKSite" time="0.004">
    <skipped/>
  </testcase> <!-- verifyJBKSite -->
  <testcase classname="com.jbk.test.JbkSiteLinkVerify" name="verifyJBKSite" time="0.003">
    <skipped/>
  </testcase> <!-- verifyJBKSite -->
  <testcase classname="com.jbk.test.JbkSiteLinkVerify" name="verifyJBKSite" time="0.004">
    <skipped/>
  </testcase> <!-- verifyJBKSite -->
  <testcase classname="com.jbk.test.JbkSiteLinkVerify" name="verifyJBKSite" time="0.002">
    <skipped/>
  </testcase> <!-- verifyJBKSite -->
  <testcase classname="com.jbk.test.JbkSiteLinkVerify" name="verifyJBKSite" time="0.002">
    <skipped/>
  </testcase> <!-- verifyJBKSite -->
  <testcase classname="com.jbk.test.JbkSiteLinkVerify" name="verifyJBKSite" time="0.002">
    <skipped/>
  </testcase> <!-- verifyJBKSite -->
  <testcase classname="com.jbk.test.JbkSiteLinkVerify" name="verifyJBKSite" time="0.003">
    <skipped/>
  </testcase> <!-- verifyJBKSite -->
  <testcase classname="com.jbk.test.JbkSiteLinkVerify" name="verifyJBKSite" time="0.001">
    <skipped/>
  </testcase> <!-- verifyJBKSite -->
  <testcase classname="com.jbk.test.JbkSiteLinkVerify" name="verifyJBKSite" time="0.002">
    <skipped/>
  </testcase> <!-- verifyJBKSite -->
</testsuite> <!-- firefoxTest -->
