<?xml version="1.0" encoding="UTF-8"?>
<!-- Generated by org.testng.reporters.JUnitXMLReporter -->
<testsuite hostname="Dell-PC" failures="3" tests="17" name="test" time="36.024" errors="0" timestamp="25 Jun 2018 15:34:03 GMT">
  <testcase classname="com.jbk.test.JbkSiteLinkVerify" name="verifyJBKSite" time="1.548"/>
  <testcase classname="com.jbk.test.JbkSiteLinkVerify" name="verifyJBKSite" time="1.538">
    <failure type="java.lang.AssertionError" message="expected [true] but found [false]">
      <![CDATA[java.lang.AssertionError: expected [true] but found [false]
	at com.jbk.test.JbkSiteLinkVerify.verifyJBKSite(JbkSiteLinkVerify.java:106)
... Removed 28 stack frames]]>
    </failure>
  </testcase> <!-- verifyJBKSite -->
  <testcase classname="com.jbk.test.JbkSiteLinkVerify" name="verifyJBKSite" time="1.994"/>
  <testcase classname="com.jbk.test.JbkSiteLinkVerify" name="verifyJBKSite" time="1.539"/>
  <testcase classname="com.jbk.test.JbkSiteLinkVerify" name="verifyJBKSite" time="2.585"/>
  <testcase classname="com.jbk.test.JbkSiteLinkVerify" name="verifyJBKSite" time="3.408"/>
  <testcase classname="com.jbk.test.JbkSiteLinkVerify" name="verifyJBKSite" time="1.193"/>
  <testcase classname="com.jbk.test.JbkSiteLinkVerify" name="verifyJBKSite" time="1.091"/>
  <testcase classname="com.jbk.test.JbkSiteLinkVerify" name="verifyJBKSite" time="1.13"/>
  <testcase classname="com.jbk.test.JbkSiteLinkVerify" name="verifyJBKSite" time="1.11"/>
  <testcase classname="com.jbk.test.JbkSiteLinkVerify" name="verifyJBKSite" time="1.047"/>
  <testcase classname="com.jbk.test.JbkSiteLinkVerify" name="verifyJBKSite" time="2.548"/>
  <testcase classname="com.jbk.test.JbkSiteLinkVerify" name="verifyJBKSite" time="1.069"/>
  <testcase classname="com.jbk.test.JbkSiteLinkVerify" name="verifyJBKSite" time="1.12"/>
  <testcase classname="com.jbk.test.JbkSiteLinkVerify" name="verifyJBKSite" time="1.028"/>
  <testcase classname="com.jbk.test.JbkSiteLinkVerify" name="verifyJBKSite" time="0.685">
    <failure type="java.lang.AssertionError" message="expected [true] but found [false]">
      <![CDATA[java.lang.AssertionError: expected [true] but found [false]
	at com.jbk.test.JbkSiteLinkVerify.verifyJBKSite(JbkSiteLinkVerify.java:106)
... Removed 28 stack frames]]>
    </failure>
  </testcase> <!-- verifyJBKSite -->
  <testcase classname="com.jbk.test.JbkSiteLinkVerify" name="verifyJBKSite" time="0.443">
    <failure type="java.lang.AssertionError" message="expected [true] but found [false]">
      <![CDATA[java.lang.AssertionError: expected [true] but found [false]
	at com.jbk.test.JbkSiteLinkVerify.verifyJBKSite(JbkSiteLinkVerify.java:106)
... Removed 27 stack frames]]>
    </failure>
  </testcase> <!-- verifyJBKSite -->
</testsuite> <!-- test -->
