<?xml version="1.0" encoding="UTF-8"?>
<!-- Generated by org.testng.reporters.JUnitXMLReporter -->
<testsuite hostname="Dell-PC" failures="3" tests="17" name="Test" time="27.516" errors="0" timestamp="25 Jun 2018 07:31:29 GMT">
  <testcase classname="com.jbk.test.JbkSiteLinkVerify" name="verifyJBKSite" time="1.319"/>
  <testcase classname="com.jbk.test.JbkSiteLinkVerify" name="verifyJBKSite" time="1.14">
    <failure type="java.lang.AssertionError" message="expected [true] but found [false]">
      <![CDATA[java.lang.AssertionError: expected [true] but found [false]
	at com.jbk.test.JbkSiteLinkVerify.verifyJBKSite(JbkSiteLinkVerify.java:102)
... Removed 28 stack frames]]>
    </failure>
  </testcase> <!-- verifyJBKSite -->
  <testcase classname="com.jbk.test.JbkSiteLinkVerify" name="verifyJBKSite" time="1.057"/>
  <testcase classname="com.jbk.test.JbkSiteLinkVerify" name="verifyJBKSite" time="0.993"/>
  <testcase classname="com.jbk.test.JbkSiteLinkVerify" name="verifyJBKSite" time="0.981"/>
  <testcase classname="com.jbk.test.JbkSiteLinkVerify" name="verifyJBKSite" time="1.1"/>
  <testcase classname="com.jbk.test.JbkSiteLinkVerify" name="verifyJBKSite" time="0.983"/>
  <testcase classname="com.jbk.test.JbkSiteLinkVerify" name="verifyJBKSite" time="1.042"/>
  <testcase classname="com.jbk.test.JbkSiteLinkVerify" name="verifyJBKSite" time="0.924"/>
  <testcase classname="com.jbk.test.JbkSiteLinkVerify" name="verifyJBKSite" time="1.112"/>
  <testcase classname="com.jbk.test.JbkSiteLinkVerify" name="verifyJBKSite" time="2.536"/>
  <testcase classname="com.jbk.test.JbkSiteLinkVerify" name="verifyJBKSite" time="1.155"/>
  <testcase classname="com.jbk.test.JbkSiteLinkVerify" name="verifyJBKSite" time="0.981"/>
  <testcase classname="com.jbk.test.JbkSiteLinkVerify" name="verifyJBKSite" time="0.964"/>
  <testcase classname="com.jbk.test.JbkSiteLinkVerify" name="verifyJBKSite" time="0.912"/>
  <testcase classname="com.jbk.test.JbkSiteLinkVerify" name="verifyJBKSite" time="0.377">
    <failure type="java.lang.AssertionError" message="expected [true] but found [false]">
      <![CDATA[java.lang.AssertionError: expected [true] but found [false]
	at com.jbk.test.JbkSiteLinkVerify.verifyJBKSite(JbkSiteLinkVerify.java:102)
... Removed 28 stack frames]]>
    </failure>
  </testcase> <!-- verifyJBKSite -->
  <testcase classname="com.jbk.test.JbkSiteLinkVerify" name="verifyJBKSite" time="0.365">
    <failure type="java.lang.AssertionError" message="expected [true] but found [false]">
      <![CDATA[java.lang.AssertionError: expected [true] but found [false]
	at com.jbk.test.JbkSiteLinkVerify.verifyJBKSite(JbkSiteLinkVerify.java:102)
... Removed 27 stack frames]]>
    </failure>
  </testcase> <!-- verifyJBKSite -->
</testsuite> <!-- Test -->
